#
# There is insufficient memory for the Java Runtime Environment to continue.
# Native memory allocation (mmap) failed to map 123731968 bytes. Error detail: G1 virtual space
# Possible reasons:
#   The system is out of physical RAM or swap space
#   This process is running with CompressedOops enabled, and the Java Heap may be blocking the growth of the native heap
# Possible solutions:
#   Reduce memory load on the system
#   Increase physical memory or swap space
#   Check if swap backing store is full
#   Decrease Java heap size (-Xmx/-Xms)
#   Decrease number of Java threads
#   Decrease Java thread stack sizes (-Xss)
#   Set larger code cache with -XX:ReservedCodeCacheSize=
#   JVM is running with Unscaled Compressed Oops mode in which the Java heap is
#     placed in the first 4GB address space. The Java Heap base address is the
#     maximum limit for the native heap growth. Please use -XX:HeapBaseMinAddress
#     to set the Java Heap base and to place the Java Heap above 4GB virtual address.
# This output file may be truncated or incomplete.
#
#  Out of Memory Error (os_windows.cpp:3679), pid=22052, tid=24664
#
# JRE version:  (17.0.13+11) (build )
# Java VM: OpenJDK 64-Bit Server VM (17.0.13+11-LTS, mixed mode, sharing, tiered, compressed oops, compressed class ptrs, g1 gc, windows-amd64)
# No core dump will be written. Minidumps are not enabled by default on client versions of Windows
#

---------------  S U M M A R Y ------------

Command Line: org.jetbrains.kotlin.cli.jvm.K2JVMCompiler @C:\Users\bansa.TEES-PC\Desktop\Project\WhirlWashCopy\node_modules\@react-native-google-signin\google-signin\android\build\20250322_7804392313803428305.compiler.options

Host: AMD Ryzen 5 5500U with Radeon Graphics         , 12 cores, 7G,  Windows 11 , 64 bit Build 22621 (10.0.22621.4974)
Time: Sat Mar 22 15:15:23 2025 India Standard Time elapsed time: 0.024324 seconds (0d 0h 0m 0s)

---------------  T H R E A D  ---------------

Current thread (0x00000193f342dd70):  JavaThread "Unknown thread" [_thread_in_vm, id=24664, stack(0x00000077b5e00000,0x00000077b5f00000)]

Stack: [0x00000077b5e00000,0x00000077b5f00000]
Native frames: (J=compiled Java code, j=interpreted, Vv=VM code, C=native code)
V  [jvm.dll+0x687fc9]
V  [jvm.dll+0x83eeb8]
V  [jvm.dll+0x840963]
V  [jvm.dll+0x840fd3]
V  [jvm.dll+0x24951f]
V  [jvm.dll+0x684f89]
V  [jvm.dll+0x6794aa]
V  [jvm.dll+0x30ad27]
V  [jvm.dll+0x312296]
V  [jvm.dll+0x362bde]
V  [jvm.dll+0x362e1d]
V  [jvm.dll+0x2e1fbc]
V  [jvm.dll+0x2e2ed4]
V  [jvm.dll+0x810dbb]
V  [jvm.dll+0x3708f1]
V  [jvm.dll+0x7ef8af]
V  [jvm.dll+0x3f70ef]
V  [jvm.dll+0x3f8c21]
C  [jli.dll+0x52a0]
C  [ucrtbase.dll+0x29333]
C  [KERNEL32.DLL+0x1259d]
C  [ntdll.dll+0x5af38]


---------------  P R O C E S S  ---------------

Threads class SMR info:
_java_thread_list=0x00007ffd162edf98, length=0, elements={
}

Java Threads: ( => current thread )

Other Threads:
  0x00000193f56c8560 GCTaskThread "GC Thread#0" [stack: 0x00000077b5f00000,0x00000077b6000000] [id=21208]
  0x00000193f56d9040 ConcurrentGCThread "G1 Main Marker" [stack: 0x00000077b6000000,0x00000077b6100000] [id=28640]
  0x00000193f56d9a60 ConcurrentGCThread "G1 Conc#0" [stack: 0x00000077b6100000,0x00000077b6200000] [id=5360]

[error occurred during error reporting (printing all threads), id 0xc0000005, EXCEPTION_ACCESS_VIOLATION (0xc0000005) at pc=0x00007ffd15aa2b17]

VM state: not at safepoint (not fully initialized)

VM Mutex/Monitor currently owned by a thread:  ([mutex/lock_event])
[0x00000193f342c560] Heap_lock - owner thread: 0x00000193f342dd70

Heap address: 0x000000008a400000, size: 1884 MB, Compressed Oops mode: 32-bit

CDS archive(s) mapped at: [0x0000000000000000-0x0000000000000000-0x0000000000000000), size 0, SharedBaseAddress: 0x0000000800000000, ArchiveRelocationMode: 1.
Narrow klass base: 0x0000000000000000, Narrow klass shift: 0, Narrow klass range: 0x0

GC Precious Log:
<Empty>

Heap:
 garbage-first heap   total 0K, used 0K [0x000000008a400000, 0x0000000100000000)
  region size 1024K, 0 young (0K), 0 survivors (0K)

[error occurred during error reporting (printing heap information), id 0xc0000005, EXCEPTION_ACCESS_VIOLATION (0xc0000005) at pc=0x00007ffd15e91ba9]

GC Heap History (0 events):
No events

Dll operation events (1 events):
Event: 0.015 Loaded shared library C:\Program Files\Microsoft\jdk-17.0.13.11-hotspot\bin\java.dll

Deoptimization events (0 events):
No events

Classes loaded (0 events):
No events

Classes unloaded (0 events):
No events

Classes redefined (0 events):
No events

Internal exceptions (0 events):
No events

VM Operations (0 events):
No events

Memory protections (0 events):
No events

Nmethod flushes (0 events):
No events

Events (0 events):
No events


Dynamic libraries:
0x00007ff7cfb40000 - 0x00007ff7cfb4e000 	C:\Program Files\Microsoft\jdk-17.0.13.11-hotspot\bin\java.exe
0x00007ffdeb370000 - 0x00007ffdeb587000 	C:\WINDOWS\SYSTEM32\ntdll.dll
0x00007ffdea140000 - 0x00007ffdea204000 	C:\WINDOWS\System32\KERNEL32.DLL
0x00007ffde8970000 - 0x00007ffde8d41000 	C:\WINDOWS\System32\KERNELBASE.dll
0x00007ffde8dd0000 - 0x00007ffde8ee1000 	C:\WINDOWS\System32\ucrtbase.dll
0x00007ffdc1500000 - 0x00007ffdc1517000 	C:\Program Files\Microsoft\jdk-17.0.13.11-hotspot\bin\jli.dll
0x00007ffdc14e0000 - 0x00007ffdc14fd000 	C:\Program Files\Microsoft\jdk-17.0.13.11-hotspot\bin\VCRUNTIME140.dll
0x00007ffdea480000 - 0x00007ffdea631000 	C:\WINDOWS\System32\USER32.dll
0x00007ffde8730000 - 0x00007ffde8756000 	C:\WINDOWS\System32\win32u.dll
0x00007ffdea720000 - 0x00007ffdea749000 	C:\WINDOWS\System32\GDI32.dll
0x00007ffde8f20000 - 0x00007ffde903b000 	C:\WINDOWS\System32\gdi32full.dll
0x00007ffde88d0000 - 0x00007ffde896a000 	C:\WINDOWS\System32\msvcp_win.dll
0x00007ffdbfc40000 - 0x00007ffdbfed2000 	C:\WINDOWS\WinSxS\amd64_microsoft.windows.common-controls_6595b64144ccf1df_6.0.22621.4830_none_270fe7d773858e80\COMCTL32.dll
0x00007ffde9a50000 - 0x00007ffde9af7000 	C:\WINDOWS\System32\msvcrt.dll
0x00007ffde9480000 - 0x00007ffde94b1000 	C:\WINDOWS\System32\IMM32.DLL
0x00007ffdc14d0000 - 0x00007ffdc14dc000 	C:\Program Files\Microsoft\jdk-17.0.13.11-hotspot\bin\vcruntime140_1.dll
0x00007ffd8be30000 - 0x00007ffd8bebd000 	C:\Program Files\Microsoft\jdk-17.0.13.11-hotspot\bin\msvcp140.dll
0x00007ffd157b0000 - 0x00007ffd16421000 	C:\Program Files\Microsoft\jdk-17.0.13.11-hotspot\bin\server\jvm.dll
0x00007ffdea660000 - 0x00007ffdea711000 	C:\WINDOWS\System32\ADVAPI32.dll
0x00007ffde91b0000 - 0x00007ffde9257000 	C:\WINDOWS\System32\sechost.dll
0x00007ffde8ef0000 - 0x00007ffde8f18000 	C:\WINDOWS\System32\bcrypt.dll
0x00007ffde9040000 - 0x00007ffde9154000 	C:\WINDOWS\System32\RPCRT4.dll
0x00007ffde92c0000 - 0x00007ffde9331000 	C:\WINDOWS\System32\WS2_32.dll
0x00007ffde8170000 - 0x00007ffde81bd000 	C:\WINDOWS\SYSTEM32\POWRPROF.dll
0x00007ffde5b00000 - 0x00007ffde5b34000 	C:\WINDOWS\SYSTEM32\WINMM.dll
0x00007ffde0ab0000 - 0x00007ffde0aba000 	C:\WINDOWS\SYSTEM32\VERSION.dll
0x00007ffde8100000 - 0x00007ffde8113000 	C:\WINDOWS\SYSTEM32\UMPDC.dll
0x00007ffde7500000 - 0x00007ffde7518000 	C:\WINDOWS\SYSTEM32\kernel.appcore.dll
0x00007ffdc14c0000 - 0x00007ffdc14ca000 	C:\Program Files\Microsoft\jdk-17.0.13.11-hotspot\bin\jimage.dll
0x00007ffde5e60000 - 0x00007ffde6092000 	C:\WINDOWS\SYSTEM32\DBGHELP.DLL
0x00007ffde9c20000 - 0x00007ffde9fb0000 	C:\WINDOWS\System32\combase.dll
0x00007ffde93a0000 - 0x00007ffde9477000 	C:\WINDOWS\System32\OLEAUT32.dll
0x00007ffde5ac0000 - 0x00007ffde5af2000 	C:\WINDOWS\SYSTEM32\dbgcore.DLL
0x00007ffde86b0000 - 0x00007ffde872b000 	C:\WINDOWS\System32\bcryptPrimitives.dll
0x00007ffdc0030000 - 0x00007ffdc0055000 	C:\Program Files\Microsoft\jdk-17.0.13.11-hotspot\bin\java.dll

dbghelp: loaded successfully - version: 4.0.5 - missing functions: none
symbol engine: initialized successfully - sym options: 0x614 - pdb path: .;C:\Program Files\Microsoft\jdk-17.0.13.11-hotspot\bin;C:\WINDOWS\SYSTEM32;C:\WINDOWS\WinSxS\amd64_microsoft.windows.common-controls_6595b64144ccf1df_6.0.22621.4830_none_270fe7d773858e80;C:\Program Files\Microsoft\jdk-17.0.13.11-hotspot\bin\server

VM Arguments:
java_command: org.jetbrains.kotlin.cli.jvm.K2JVMCompiler @C:\Users\bansa.TEES-PC\Desktop\Project\WhirlWashCopy\node_modules\@react-native-google-signin\google-signin\android\build\20250322_7804392313803428305.compiler.options
java_class_path (initial): C:\Users\bansa.TEES-PC\.gradle\caches\modules-2\files-2.1\org.jetbrains.kotlin\kotlin-compiler-embeddable\2.0.21\79346ed53db48b18312a472602eb5c057070c54d\kotlin-compiler-embeddable-2.0.21.jar;C:\Users\bansa.TEES-PC\.gradle\caches\modules-2\files-2.1\org.jetbrains.kotlin\kotlin-stdlib\2.0.21\618b539767b4899b4660a83006e052b63f1db551\kotlin-stdlib-2.0.21.jar;C:\Users\bansa.TEES-PC\.gradle\caches\modules-2\files-2.1\org.jetbrains.kotlin\kotlin-script-runtime\2.0.21\c9b044380ad41f89aa89aa896c2d32a8c0b2129d\kotlin-script-runtime-2.0.21.jar;C:\Users\bansa.TEES-PC\.gradle\caches\modules-2\files-2.1\org.jetbrains.kotlin\kotlin-reflect\1.6.10\1cbe9c92c12a94eea200d23c2bbaedaf3daf5132\kotlin-reflect-1.6.10.jar;C:\Users\bansa.TEES-PC\.gradle\caches\modules-2\files-2.1\org.jetbrains.kotlin\kotlin-daemon-embeddable\2.0.21\c9e933b23287de9b5a17e2116b4657bb91aea72c\kotlin-daemon-embeddable-2.0.21.jar;C:\Users\bansa.TEES-PC\.gradle\caches\modules-2\files-2.1\org.jetbrains.intellij.deps\trove4j\1.0.20200330\3afb14d5f9ceb459d724e907a21145e8ff394f02\trove4j-1.0.20200330.jar;C:\Users\bansa.TEES-PC\.gradle\caches\modules-2\files-2.1\org.jetbrains.kotlinx\kotlinx-coroutines-core-jvm\1.6.4\2c997cd1c0ef33f3e751d3831929aeff1390cb30\kotlinx-coroutines-core-jvm-1.6.4.jar;C:\Users\bansa.TEES-PC\.gradle\caches\modules-2\files-2.1\org.jetbrains\annotations\13.0\919f0dfe192fb4e063e7dacadee7f8bb9a2672a9\annotations-13.0.jar
Launcher Type: SUN_STANDARD

[Global flags]
     intx CICompilerCount                          = 4                                         {product} {ergonomic}
     uint ConcGCThreads                            = 3                                         {product} {ergonomic}
     uint G1ConcRefinementThreads                  = 10                                        {product} {ergonomic}
   size_t G1HeapRegionSize                         = 1048576                                   {product} {ergonomic}
    uintx GCDrainStackTargetSize                   = 64                                        {product} {ergonomic}
   size_t InitialHeapSize                          = 123731968                                 {product} {ergonomic}
   size_t MarkStackSize                            = 4194304                                   {product} {ergonomic}
   size_t MaxHeapSize                              = 1975517184                                {product} {ergonomic}
   size_t MinHeapDeltaBytes                        = 1048576                                   {product} {ergonomic}
   size_t MinHeapSize                              = 8388608                                   {product} {ergonomic}
    uintx NonNMethodCodeHeapSize                   = 5839372                                {pd product} {ergonomic}
    uintx NonProfiledCodeHeapSize                  = 122909434                              {pd product} {ergonomic}
    uintx ProfiledCodeHeapSize                     = 122909434                              {pd product} {ergonomic}
    uintx ReservedCodeCacheSize                    = 251658240                              {pd product} {ergonomic}
     bool SegmentedCodeCache                       = true                                      {product} {ergonomic}
   size_t SoftMaxHeapSize                          = 1975517184                             {manageable} {ergonomic}
     bool UseCompressedClassPointers               = true                           {product lp64_product} {ergonomic}
     bool UseCompressedOops                        = true                           {product lp64_product} {ergonomic}
     bool UseG1GC                                  = true                                      {product} {ergonomic}
     bool UseLargePagesIndividualAllocation        = false                                  {pd product} {ergonomic}

Logging:
Log output configuration:
 #0: stdout all=warning uptime,level,tags
 #1: stderr all=off uptime,level,tags

Environment Variables:
JAVA_HOME=C:\Program Files\Microsoft\jdk-17.0.13.11-hotspot
CLASSPATH=C:\Users\bansa.TEES-PC\Desktop\Project\WhirlWashCopy\android\\gradle\wrapper\gradle-wrapper.jar
PATH=C:\Users\bansa.TEES-PC\Desktop\Project\WhirlWashCopy\node_modules\.bin;C:\Users\bansa.TEES-PC\Desktop\Project\node_modules\.bin;C:\Users\bansa.TEES-PC\Desktop\node_modules\.bin;C:\Users\bansa.TEES-PC\node_modules\.bin;C:\Users\node_modules\.bin;C:\node_modules\.bin;C:\Users\bansa.TEES-PC\AppData\Roaming\npm\node_modules\npm\node_modules\@npmcli\run-script\lib\node-gyp-bin;C:\WINDOWS\system32;C:\WINDOWS;C:\WINDOWS\System32\Wbem;C:\WINDOWS\System32\WindowsPowerShell\v1.0\;C:\WINDOWS\System32\OpenSSH\;C:\Program Files\dotnet\;C:\Program Files\Git\cmd;C:\Program Files\Git\mingw64\bin;C:\Program Files\Git\usr\bin;C:\Program Files\nodejs\;C:\ProgramData\chocolatey\bin;C:\Users\Tanvi Radhika\AppData\Roaming\npm;C:\Users\bansa.TEES-PC\AppData\Local\Android\Sdk;C:\Users\bansa.TEES-PC\AppData\Local\Android\Sdk\build-tools;C:\Users\bansa.TEES-PC\AppData\Local\Android\Sdk\emulator;C:\Users\bansa.TEES-PC\AppData\Local\Android\Sdk\platforms;C:\Users\bansa.TEES-PC\AppData\Local\Android\Sdk\platform-tools;C:\Program Files\Microsoft\jdk-17.0.13.11-hotspot\bin;C:\Users\bansa.TEES-PC\AppData\Local\Microsoft\WindowsApps;C:\Users\bansa.TEES-PC\AppData\Local\Programs\Microsoft VS Code\bin
USERNAME=bansa
LANG=en_US.UTF-8
OS=Windows_NT
PROCESSOR_IDENTIFIER=AMD64 Family 23 Model 104 Stepping 1, AuthenticAMD
TMP=C:\Users\BANSA~1.TEE\AppData\Local\Temp
TEMP=C:\Users\BANSA~1.TEE\AppData\Local\Temp



Periodic native trim disabled


---------------  S Y S T E M  ---------------

OS:
 Windows 11 , 64 bit Build 22621 (10.0.22621.4974)
OS uptime: 0 days 2:42 hours

CPU: total 12 (initial active 12) (12 cores per cpu, 2 threads per core) family 23 model 104 stepping 1 microcode 0x0, cx8, cmov, fxsr, ht, mmx, 3dnowpref, sse, sse2, sse3, ssse3, sse4a, sse4.1, sse4.2, popcnt, lzcnt, tsc, tscinvbit, avx, avx2, aes, clmul, bmi1, bmi2, adx, sha, fma, vzeroupper, clflush, clflushopt
Processor Information for the first 12 processors :
  Max Mhz: 2100, Current Mhz: 2100, Mhz Limit: 2100

Memory: 4k page, system-wide physical 7528M (99M free)
TotalPageFile size 31080M (AvailPageFile size 36M)
current process WorkingSet (physical memory assigned to process): 11M, peak: 11M
current process commit charge ("private bytes"): 64M, peak: 182M

vm_info: OpenJDK 64-Bit Server VM (17.0.13+11-LTS) for windows-amd64 JRE (17.0.13+11-LTS), built on Oct 11 2024 23:25:05 by "MicrosoftCorporation" with unknown MS VC++:1939

END.
